<?xml version="1.0" encoding="UTF-8"?>
<!-- Generated by org.testng.reporters.JUnitReportReporter -->
<testsuite hostname="CompuMatrice" name="parcel.GeneralInfo" tests="4" failures="0" timestamp="16 Feb 2016 06:19:47 GMT" time="53.159" errors="0">
  <testcase name="TC_1" time="22.236" classname="parcel.GeneralInfo"/>
  <testcase name="TC_6" time="15.023" classname="parcel.GeneralInfo"/>
  <testcase name="TC_4" time="4.604" classname="parcel.GeneralInfo"/>
  <testcase name="TC_3" time="11.296" classname="parcel.GeneralInfo"/>
</testsuite> <!-- parcel.GeneralInfo -->
