<?xml version="1.0" encoding="UTF-8"?>
<!-- Generated by org.testng.reporters.JUnitReportReporter -->
<testsuite hostname="CompuMatrice" name="parcel.NewTest" tests="4" failures="0" timestamp="15 Feb 2016 06:21:46 GMT" time="79.943" errors="0">
  <testcase name="TC_1" time="46.654" classname="parcel.NewTest"/>
  <testcase name="TC_6" time="17.265" classname="parcel.NewTest"/>
  <testcase name="TC_4" time="4.020" classname="parcel.NewTest"/>
  <testcase name="TC_3" time="12.004" classname="parcel.NewTest"/>
</testsuite> <!-- parcel.NewTest -->
